#
# There is insufficient memory for the Java Runtime Environment to continue.
# Native memory allocation (mmap) failed to map 65536 bytes for Failed to commit metaspace.
# Possible reasons:
#   The system is out of physical RAM or swap space
#   The process is running with CompressedOops enabled, and the Java Heap may be blocking the growth of the native heap
# Possible solutions:
#   Reduce memory load on the system
#   Increase physical memory or swap space
#   Check if swap backing store is full
#   Decrease Java heap size (-Xmx/-Xms)
#   Decrease number of Java threads
#   Decrease Java thread stack sizes (-Xss)
#   Set larger code cache with -XX:ReservedCodeCacheSize=
#   JVM is running with Unscaled Compressed Oops mode in which the Java heap is
#     placed in the first 4GB address space. The Java Heap base address is the
#     maximum limit for the native heap growth. Please use -XX:HeapBaseMinAddress
#     to set the Java Heap base and to place the Java Heap above 4GB virtual address.
# This output file may be truncated or incomplete.
#
#  Out of Memory Error (virtualSpaceNode.cpp:110), pid=4520, tid=1076
#
# JRE version: Java(TM) SE Runtime Environment (17.0.9+11) (build 17.0.9+11-LTS-201)
# Java VM: Java HotSpot(TM) 64-Bit Server VM (17.0.9+11-LTS-201, mixed mode, emulated-client, sharing, tiered, compressed oops, compressed class ptrs, g1 gc, windows-amd64)
# No core dump will be written. Minidumps are not enabled by default on client versions of Windows
#

---------------  S U M M A R Y ------------

Command Line: -XX:TieredStopAtLevel=1 -Dspring.output.ansi.enabled=always -Dcom.sun.management.jmxremote -Dspring.jmx.enabled=true -Dspring.liveBeansView.mbeanDomain -Dspring.application.admin.enabled=true -Dmanagement.endpoints.jmx.exposure.include=* -javaagent:C:\Program Files\JetBrains\IntelliJ IDEA 2023.2\lib\idea_rt.jar=57797:C:\Program Files\JetBrains\IntelliJ IDEA 2023.2\bin -Dfile.encoding=UTF-8 vn.tayjava.TayJavaApplication

Host: Intel(R) Core(TM) i5-10300H CPU @ 2.50GHz, 8 cores, 7G,  Windows 10 , 64 bit Build 19041 (10.0.19041.1503)
Time: Sat Jul 27 16:03:09 2024 SE Asia Standard Time elapsed time: 3.569312 seconds (0d 0h 0m 3s)

---------------  T H R E A D  ---------------

Current thread (0x00000233ff187a90):  JavaThread "restartedMain" [_thread_in_vm, id=1076, stack(0x000000c9b6700000,0x000000c9b6800000)]

Stack: [0x000000c9b6700000,0x000000c9b6800000]
Native frames: (J=compiled Java code, j=interpreted, Vv=VM code, C=native code)
V  [jvm.dll+0x678a4a]
V  [jvm.dll+0x7d9cfd]
V  [jvm.dll+0x7db60e]
V  [jvm.dll+0x7dbc73]
V  [jvm.dll+0x245e1f]
V  [jvm.dll+0x7d5a0b]
V  [jvm.dll+0x61ebc6]
V  [jvm.dll+0x1c01f7]
V  [jvm.dll+0x621530]
V  [jvm.dll+0x61f586]
V  [jvm.dll+0x23b871]
V  [jvm.dll+0x1ea6f7]
V  [jvm.dll+0x1e0391]
V  [jvm.dll+0x53eaec]
V  [jvm.dll+0x754538]
V  [jvm.dll+0x754624]
V  [jvm.dll+0x40c73f]
V  [jvm.dll+0x412759]
C  [java.dll+0x17ec]

Java frames: (J=compiled Java code, j=interpreted, Vv=VM code)
J 1120  java.lang.ClassLoader.defineClass1(Ljava/lang/ClassLoader;Ljava/lang/String;[BIILjava/security/ProtectionDomain;Ljava/lang/String;)Ljava/lang/Class; java.base@17.0.9 (0 bytes) @ 0x00000233af09c9e3 [0x00000233af09c920+0x00000000000000c3]
J 1270 c1 java.lang.ClassLoader.defineClass(Ljava/lang/String;[BIILjava/security/ProtectionDomain;)Ljava/lang/Class; java.base@17.0.9 (43 bytes) @ 0x00000233af0dc3dc [0x00000233af0dc2e0+0x00000000000000fc]
J 1127 c1 jdk.internal.loader.BuiltinClassLoader.defineClass(Ljava/lang/String;Ljdk/internal/loader/Resource;)Ljava/lang/Class; java.base@17.0.9 (121 bytes) @ 0x00000233af0a3e64 [0x00000233af0a39a0+0x00000000000004c4]
J 1122 c1 jdk.internal.loader.BuiltinClassLoader.findClassOnClassPathOrNull(Ljava/lang/String;)Ljava/lang/Class; java.base@17.0.9 (64 bytes) @ 0x00000233af0a13b4 [0x00000233af0a1100+0x00000000000002b4]
J 887 c1 jdk.internal.loader.BuiltinClassLoader.loadClassOrNull(Ljava/lang/String;Z)Ljava/lang/Class; java.base@17.0.9 (143 bytes) @ 0x00000233af035f5c [0x00000233af035b00+0x000000000000045c]
J 1019 c1 jdk.internal.loader.ClassLoaders$AppClassLoader.loadClass(Ljava/lang/String;Z)Ljava/lang/Class; java.base@17.0.9 (40 bytes) @ 0x00000233af074c24 [0x00000233af074ae0+0x0000000000000144]
J 1018 c1 java.lang.ClassLoader.loadClass(Ljava/lang/String;)Ljava/lang/Class; java.base@17.0.9 (7 bytes) @ 0x00000233af074064 [0x00000233af074020+0x0000000000000044]
v  ~StubRoutines::call_stub
j  org.springframework.expression.spel.standard.SpelExpressionParser.doParseExpression(Ljava/lang/String;Lorg/springframework/expression/ParserContext;)Lorg/springframework/expression/spel/standard/SpelExpression;+0
j  org.springframework.expression.spel.standard.SpelExpressionParser.doParseExpression(Ljava/lang/String;Lorg/springframework/expression/ParserContext;)Lorg/springframework/expression/Expression;+3
j  org.springframework.expression.common.TemplateAwareExpressionParser.parseExpressions(Ljava/lang/String;Lorg/springframework/expression/ParserContext;)[Lorg/springframework/expression/Expression;+222
j  org.springframework.expression.common.TemplateAwareExpressionParser.parseTemplate(Ljava/lang/String;Lorg/springframework/expression/ParserContext;)Lorg/springframework/expression/Expression;+20
j  org.springframework.expression.common.TemplateAwareExpressionParser.parseExpression(Ljava/lang/String;Lorg/springframework/expression/ParserContext;)Lorg/springframework/expression/Expression;+22
j  org.springframework.context.expression.StandardBeanExpressionResolver.evaluate(Ljava/lang/String;Lorg/springframework/beans/factory/config/BeanExpressionContext;)Ljava/lang/Object;+36
j  org.springframework.beans.factory.support.AbstractBeanFactory.evaluateBeanDefinitionString(Ljava/lang/String;Lorg/springframework/beans/factory/config/BeanDefinition;)Ljava/lang/Object;+49
j  org.springframework.beans.factory.support.DefaultListableBeanFactory.doResolveDependency(Lorg/springframework/beans/factory/config/DependencyDescriptor;Ljava/lang/String;Ljava/util/Set;Lorg/springframework/beans/TypeConverter;)Ljava/lang/Object;+105
j  org.springframework.beans.factory.support.DefaultListableBeanFactory.resolveDependency(Lorg/springframework/beans/factory/config/DependencyDescriptor;Ljava/lang/String;Ljava/util/Set;Lorg/springframework/beans/TypeConverter;)Ljava/lang/Object;+117
j  org.springframework.beans.factory.annotation.AutowiredAnnotationBeanPostProcessor$AutowiredFieldElement.resolveFieldValue(Ljava/lang/reflect/Field;Ljava/lang/Object;Ljava/lang/String;)Ljava/lang/Object;+81
j  org.springframework.beans.factory.annotation.AutowiredAnnotationBeanPostProcessor$AutowiredFieldElement.inject(Ljava/lang/Object;Ljava/lang/String;Lorg/springframework/beans/PropertyValues;)V+74
j  org.springframework.beans.factory.annotation.InjectionMetadata.inject(Ljava/lang/Object;Ljava/lang/String;Lorg/springframework/beans/PropertyValues;)V+68
j  org.springframework.beans.factory.annotation.AutowiredAnnotationBeanPostProcessor.postProcessProperties(Lorg/springframework/beans/PropertyValues;Ljava/lang/Object;Ljava/lang/String;)Lorg/springframework/beans/PropertyValues;+17
j  org.springframework.beans.factory.support.AbstractAutowireCapableBeanFactory.populateBean(Ljava/lang/String;Lorg/springframework/beans/factory/support/RootBeanDefinition;Lorg/springframework/beans/BeanWrapper;)V+280
j  org.springframework.beans.factory.support.AbstractAutowireCapableBeanFactory.doCreateBean(Ljava/lang/String;Lorg/springframework/beans/factory/support/RootBeanDefinition;[Ljava/lang/Object;)Ljava/lang/Object;+220
j  org.springframework.beans.factory.support.AbstractAutowireCapableBeanFactory.createBean(Ljava/lang/String;Lorg/springframework/beans/factory/support/RootBeanDefinition;[Ljava/lang/Object;)Ljava/lang/Object;+153
j  org.springframework.beans.factory.support.AbstractBeanFactory.lambda$doGetBean$0(Ljava/lang/String;Lorg/springframework/beans/factory/support/RootBeanDefinition;[Ljava/lang/Object;)Ljava/lang/Object;+4
j  org.springframework.beans.factory.support.AbstractBeanFactory$$Lambda$352+0x00000233bb21c6c0.getObject()Ljava/lang/Object;+16
j  org.springframework.beans.factory.support.DefaultSingletonBeanRegistry.getSingleton(Ljava/lang/String;Lorg/springframework/beans/factory/ObjectFactory;)Ljava/lang/Object;+114
J 2864 c1 org.springframework.beans.factory.support.AbstractBeanFactory.doGetBean(Ljava/lang/String;Ljava/lang/Class;[Ljava/lang/Object;Z)Ljava/lang/Object; (740 bytes) @ 0x00000233af36c5c4 [0x00000233af36c000+0x00000000000005c4]
j  org.springframework.beans.factory.support.AbstractBeanFactory.getBean(Ljava/lang/String;)Ljava/lang/Object;+5
j  org.springframework.beans.factory.config.DependencyDescriptor.resolveCandidate(Ljava/lang/String;Ljava/lang/Class;Lorg/springframework/beans/factory/BeanFactory;)Ljava/lang/Object;+2
j  org.springframework.beans.factory.support.DefaultListableBeanFactory.doResolveDependency(Lorg/springframework/beans/factory/config/DependencyDescriptor;Ljava/lang/String;Ljava/util/Set;Lorg/springframework/beans/TypeConverter;)Ljava/lang/Object;+473
j  org.springframework.beans.factory.support.DefaultListableBeanFactory.resolveDependency(Lorg/springframework/beans/factory/config/DependencyDescriptor;Ljava/lang/String;Ljava/util/Set;Lorg/springframework/beans/TypeConverter;)Ljava/lang/Object;+117
j  org.springframework.beans.factory.support.ConstructorResolver.resolveAutowiredArgument(Lorg/springframework/beans/factory/config/DependencyDescriptor;Ljava/lang/Class;Ljava/lang/String;Ljava/util/Set;Lorg/springframework/beans/TypeConverter;Z)Ljava/lang/Object;+53
j  org.springframework.beans.factory.support.ConstructorResolver.createArgumentArray(Ljava/lang/String;Lorg/springframework/beans/factory/support/RootBeanDefinition;Lorg/springframework/beans/factory/config/ConstructorArgumentValues;Lorg/springframework/beans/BeanWrapper;[Ljava/lang/Class;[Ljava/lang/String;Ljava/lang/reflect/Executable;ZZ)Lorg/springframework/beans/factory/support/ConstructorResolver$ArgumentsHolder;+420
j  org.springframework.beans.factory.support.ConstructorResolver.instantiateUsingFactoryMethod(Ljava/lang/String;Lorg/springframework/beans/factory/support/RootBeanDefinition;[Ljava/lang/Object;)Lorg/springframework/beans/BeanWrapper;+754
j  org.springframework.beans.factory.support.AbstractAutowireCapableBeanFactory.instantiateUsingFactoryMethod(Ljava/lang/String;Lorg/springframework/beans/factory/support/RootBeanDefinition;[Ljava/lang/Object;)Lorg/springframework/beans/BeanWrapper;+11
j  org.springframework.beans.factory.support.AbstractAutowireCapableBeanFactory.createBeanInstance(Ljava/lang/String;Lorg/springframework/beans/factory/support/RootBeanDefinition;[Ljava/lang/Object;)Lorg/springframework/beans/BeanWrapper;+89
j  org.springframework.beans.factory.support.AbstractAutowireCapableBeanFactory.doCreateBean(Ljava/lang/String;Lorg/springframework/beans/factory/support/RootBeanDefinition;[Ljava/lang/Object;)Ljava/lang/Object;+34
j  org.springframework.beans.factory.support.AbstractAutowireCapableBeanFactory.createBean(Ljava/lang/String;Lorg/springframework/beans/factory/support/RootBeanDefinition;[Ljava/lang/Object;)Ljava/lang/Object;+153
j  org.springframework.beans.factory.support.AbstractBeanFactory.lambda$doGetBean$0(Ljava/lang/String;Lorg/springframework/beans/factory/support/RootBeanDefinition;[Ljava/lang/Object;)Ljava/lang/Object;+4
j  org.springframework.beans.factory.support.AbstractBeanFactory$$Lambda$352+0x00000233bb21c6c0.getObject()Ljava/lang/Object;+16
j  org.springframework.beans.factory.support.DefaultSingletonBeanRegistry.getSingleton(Ljava/lang/String;Lorg/springframework/beans/factory/ObjectFactory;)Ljava/lang/Object;+114
J 2864 c1 org.springframework.beans.factory.support.AbstractBeanFactory.doGetBean(Ljava/lang/String;Ljava/lang/Class;[Ljava/lang/Object;Z)Ljava/lang/Object; (740 bytes) @ 0x00000233af36c5c4 [0x00000233af36c000+0x00000000000005c4]
j  org.springframework.beans.factory.support.AbstractBeanFactory.getBean(Ljava/lang/String;)Ljava/lang/Object;+5
j  org.springframework.beans.factory.config.DependencyDescriptor.resolveCandidate(Ljava/lang/String;Ljava/lang/Class;Lorg/springframework/beans/factory/BeanFactory;)Ljava/lang/Object;+2
j  org.springframework.beans.factory.support.DefaultListableBeanFactory.doResolveDependency(Lorg/springframework/beans/factory/config/DependencyDescriptor;Ljava/lang/String;Ljava/util/Set;Lorg/springframework/beans/TypeConverter;)Ljava/lang/Object;+473
j  org.springframework.beans.factory.support.DefaultListableBeanFactory.resolveDependency(Lorg/springframework/beans/factory/config/DependencyDescriptor;Ljava/lang/String;Ljava/util/Set;Lorg/springframework/beans/TypeConverter;)Ljava/lang/Object;+117
j  org.springframework.beans.factory.support.ConstructorResolver.resolveAutowiredArgument(Lorg/springframework/beans/factory/config/DependencyDescriptor;Ljava/lang/Class;Ljava/lang/String;Ljava/util/Set;Lorg/springframework/beans/TypeConverter;Z)Ljava/lang/Object;+53
j  org.springframework.beans.factory.support.ConstructorResolver.createArgumentArray(Ljava/lang/String;Lorg/springframework/beans/factory/support/RootBeanDefinition;Lorg/springframework/beans/factory/config/ConstructorArgumentValues;Lorg/springframework/beans/BeanWrapper;[Ljava/lang/Class;[Ljava/lang/String;Ljava/lang/reflect/Executable;ZZ)Lorg/springframework/beans/factory/support/ConstructorResolver$ArgumentsHolder;+420
j  org.springframework.beans.factory.support.ConstructorResolver.instantiateUsingFactoryMethod(Ljava/lang/String;Lorg/springframework/beans/factory/support/RootBeanDefinition;[Ljava/lang/Object;)Lorg/springframework/beans/BeanWrapper;+754
j  org.springframework.beans.factory.support.AbstractAutowireCapableBeanFactory.instantiateUsingFactoryMethod(Ljava/lang/String;Lorg/springframework/beans/factory/support/RootBeanDefinition;[Ljava/lang/Object;)Lorg/springframework/beans/BeanWrapper;+11
j  org.springframework.beans.factory.support.AbstractAutowireCapableBeanFactory.createBeanInstance(Ljava/lang/String;Lorg/springframework/beans/factory/support/RootBeanDefinition;[Ljava/lang/Object;)Lorg/springframework/beans/BeanWrapper;+89
j  org.springframework.beans.factory.support.AbstractAutowireCapableBeanFactory.doCreateBean(Ljava/lang/String;Lorg/springframework/beans/factory/support/RootBeanDefinition;[Ljava/lang/Object;)Ljava/lang/Object;+34
j  org.springframework.beans.factory.support.AbstractAutowireCapableBeanFactory.createBean(Ljava/lang/String;Lorg/springframework/beans/factory/support/RootBeanDefinition;[Ljava/lang/Object;)Ljava/lang/Object;+153
j  org.springframework.beans.factory.support.AbstractBeanFactory.lambda$doGetBean$0(Ljava/lang/String;Lorg/springframework/beans/factory/support/RootBeanDefinition;[Ljava/lang/Object;)Ljava/lang/Object;+4
j  org.springframework.beans.factory.support.AbstractBeanFactory$$Lambda$352+0x00000233bb21c6c0.getObject()Ljava/lang/Object;+16
j  org.springframework.beans.factory.support.DefaultSingletonBeanRegistry.getSingleton(Ljava/lang/String;Lorg/springframework/beans/factory/ObjectFactory;)Ljava/lang/Object;+114
J 2864 c1 org.springframework.beans.factory.support.AbstractBeanFactory.doGetBean(Ljava/lang/String;Ljava/lang/Class;[Ljava/lang/Object;Z)Ljava/lang/Object; (740 bytes) @ 0x00000233af36c5c4 [0x00000233af36c000+0x00000000000005c4]
j  org.springframework.beans.factory.support.AbstractBeanFactory.getBean(Ljava/lang/String;)Ljava/lang/Object;+5
j  org.springframework.beans.factory.config.DependencyDescriptor.resolveCandidate(Ljava/lang/String;Ljava/lang/Class;Lorg/springframework/beans/factory/BeanFactory;)Ljava/lang/Object;+2
j  org.springframework.beans.factory.support.DefaultListableBeanFactory.addCandidateEntry(Ljava/util/Map;Ljava/lang/String;Lorg/springframework/beans/factory/config/DependencyDescriptor;Ljava/lang/Class;)V+12
j  org.springframework.beans.factory.support.DefaultListableBeanFactory.findAutowireCandidates(Ljava/lang/String;Ljava/lang/Class;Lorg/springframework/beans/factory/config/DependencyDescriptor;)Ljava/util/Map;+179
j  org.springframework.beans.factory.support.DefaultListableBeanFactory.resolveMultipleBeanCollection(Lorg/springframework/beans/factory/config/DependencyDescriptor;Ljava/lang/String;Ljava/util/Set;Lorg/springframework/beans/TypeConverter;)Ljava/lang/Object;+34
j  org.springframework.beans.factory.support.DefaultListableBeanFactory.resolveMultipleBeans(Lorg/springframework/beans/factory/config/DependencyDescriptor;Ljava/lang/String;Ljava/util/Set;Lorg/springframework/beans/TypeConverter;)Ljava/lang/Object;+320
j  org.springframework.beans.factory.support.DefaultListableBeanFactory.doResolveDependency(Lorg/springframework/beans/factory/config/DependencyDescriptor;Ljava/lang/String;Ljava/util/Set;Lorg/springframework/beans/TypeConverter;)Ljava/lang/Object;+211
j  org.springframework.beans.factory.support.DefaultListableBeanFactory.resolveDependency(Lorg/springframework/beans/factory/config/DependencyDescriptor;Ljava/lang/String;Ljava/util/Set;Lorg/springframework/beans/TypeConverter;)Ljava/lang/Object;+117
j  org.springframework.beans.factory.annotation.AutowiredAnnotationBeanPostProcessor$AutowiredMethodElement.resolveMethodArguments(Ljava/lang/reflect/Method;Ljava/lang/Object;Ljava/lang/String;)[Ljava/lang/Object;+135
j  org.springframework.beans.factory.annotation.AutowiredAnnotationBeanPostProcessor$AutowiredMethodElement.inject(Ljava/lang/Object;Ljava/lang/String;Lorg/springframework/beans/PropertyValues;)V+80
J 4415 c1 org.springframework.beans.factory.annotation.InjectionMetadata.inject(Ljava/lang/Object;Ljava/lang/String;Lorg/springframework/beans/PropertyValues;)V (75 bytes) @ 0x00000233af5d6ddc [0x00000233af5d6ce0+0x00000000000000fc]
j  org.springframework.beans.factory.annotation.AutowiredAnnotationBeanPostProcessor.postProcessProperties(Lorg/springframework/beans/PropertyValues;Ljava/lang/Object;Ljava/lang/String;)Lorg/springframework/beans/PropertyValues;+17
j  org.springframework.beans.factory.support.AbstractAutowireCapableBeanFactory.populateBean(Ljava/lang/String;Lorg/springframework/beans/factory/support/RootBeanDefinition;Lorg/springframework/beans/BeanWrapper;)V+280
j  org.springframework.beans.factory.support.AbstractAutowireCapableBeanFactory.doCreateBean(Ljava/lang/String;Lorg/springframework/beans/factory/support/RootBeanDefinition;[Ljava/lang/Object;)Ljava/lang/Object;+220
j  org.springframework.beans.factory.support.AbstractAutowireCapableBeanFactory.createBean(Ljava/lang/String;Lorg/springframework/beans/factory/support/RootBeanDefinition;[Ljava/lang/Object;)Ljava/lang/Object;+153
j  org.springframework.beans.factory.support.AbstractBeanFactory.lambda$doGetBean$0(Ljava/lang/String;Lorg/springframework/beans/factory/support/RootBeanDefinition;[Ljava/lang/Object;)Ljava/lang/Object;+4
j  org.springframework.beans.factory.support.AbstractBeanFactory$$Lambda$352+0x00000233bb21c6c0.getObject()Ljava/lang/Object;+16
j  org.springframework.beans.factory.support.DefaultSingletonBeanRegistry.getSingleton(Ljava/lang/String;Lorg/springframework/beans/factory/ObjectFactory;)Ljava/lang/Object;+114
J 2864 c1 org.springframework.beans.factory.support.AbstractBeanFactory.doGetBean(Ljava/lang/String;Ljava/lang/Class;[Ljava/lang/Object;Z)Ljava/lang/Object; (740 bytes) @ 0x00000233af36c5c4 [0x00000233af36c000+0x00000000000005c4]
j  org.springframework.beans.factory.support.AbstractBeanFactory.getBean(Ljava/lang/String;)Ljava/lang/Object;+5
j  org.springframework.beans.factory.support.DefaultListableBeanFactory.preInstantiateSingletons()V+152
j  org.springframework.context.support.AbstractApplicationContext.finishBeanFactoryInitialization(Lorg/springframework/beans/factory/config/ConfigurableListableBeanFactory;)V+130
j  org.springframework.context.support.AbstractApplicationContext.refresh()V+94
j  org.springframework.boot.web.servlet.context.ServletWebServerApplicationContext.refresh()V+1
j  org.springframework.boot.SpringApplication.refresh(Lorg/springframework/context/ConfigurableApplicationContext;)V+1
j  org.springframework.boot.SpringApplication.refreshContext(Lorg/springframework/context/ConfigurableApplicationContext;)V+16
j  org.springframework.boot.SpringApplication.run([Ljava/lang/String;)Lorg/springframework/context/ConfigurableApplicationContext;+110
j  org.springframework.boot.SpringApplication.run([Ljava/lang/Class;[Ljava/lang/String;)Lorg/springframework/context/ConfigurableApplicationContext;+9
j  org.springframework.boot.SpringApplication.run(Ljava/lang/Class;[Ljava/lang/String;)Lorg/springframework/context/ConfigurableApplicationContext;+9
j  vn.tayjava.TayJavaApplication.main([Ljava/lang/String;)V+3
v  ~StubRoutines::call_stub
j  jdk.internal.reflect.NativeMethodAccessorImpl.invoke0(Ljava/lang/reflect/Method;Ljava/lang/Object;[Ljava/lang/Object;)Ljava/lang/Object;+0 java.base@17.0.9
j  jdk.internal.reflect.NativeMethodAccessorImpl.invoke(Ljava/lang/Object;[Ljava/lang/Object;)Ljava/lang/Object;+133 java.base@17.0.9
j  jdk.internal.reflect.DelegatingMethodAccessorImpl.invoke(Ljava/lang/Object;[Ljava/lang/Object;)Ljava/lang/Object;+6 java.base@17.0.9
j  java.lang.reflect.Method.invoke(Ljava/lang/Object;[Ljava/lang/Object;)Ljava/lang/Object;+59 java.base@17.0.9
j  org.springframework.boot.devtools.restart.RestartLauncher.run()V+47
v  ~StubRoutines::call_stub

---------------  P R O C E S S  ---------------

Threads class SMR info:
_java_thread_list=0x00000233ff4fd4b0, length=25, elements={
0x00000233a743d4a0, 0x00000233b92d6670, 0x00000233b92d7200, 0x00000233b92e51f0,
0x00000233b92e5d80, 0x00000233b92e7660, 0x00000233b92e7f30, 0x00000233b92e88b0,
0x00000233b92f2310, 0x00000233b92bfec0, 0x00000233b92c07b0, 0x00000233b950f250,
0x00000233b9837130, 0x00000233b9839b50, 0x00000233ff1ebb70, 0x00000233ff19c8f0,
0x00000233ff187a90, 0x00000233804898e0, 0x0000023380487570, 0x00000233804884a0,
0x00000233804889b0, 0x00000233804893d0, 0x000002338048a810, 0x0000023380488ec0,
0x0000023380487a80
}

Java Threads: ( => current thread )
  0x00000233a743d4a0 JavaThread "main" [_thread_blocked, id=3220, stack(0x000000c9b4800000,0x000000c9b4900000)]
  0x00000233b92d6670 JavaThread "Reference Handler" daemon [_thread_blocked, id=11396, stack(0x000000c9b4f00000,0x000000c9b5000000)]
  0x00000233b92d7200 JavaThread "Finalizer" daemon [_thread_blocked, id=4812, stack(0x000000c9b5000000,0x000000c9b5100000)]
  0x00000233b92e51f0 JavaThread "Signal Dispatcher" daemon [_thread_blocked, id=9524, stack(0x000000c9b5100000,0x000000c9b5200000)]
  0x00000233b92e5d80 JavaThread "Attach Listener" daemon [_thread_blocked, id=1416, stack(0x000000c9b5200000,0x000000c9b5300000)]
  0x00000233b92e7660 JavaThread "Service Thread" daemon [_thread_blocked, id=15216, stack(0x000000c9b5300000,0x000000c9b5400000)]
  0x00000233b92e7f30 JavaThread "Monitor Deflation Thread" daemon [_thread_blocked, id=5612, stack(0x000000c9b5400000,0x000000c9b5500000)]
  0x00000233b92e88b0 JavaThread "C1 CompilerThread0" daemon [_thread_blocked, id=1512, stack(0x000000c9b5500000,0x000000c9b5600000)]
  0x00000233b92f2310 JavaThread "Sweeper thread" daemon [_thread_blocked, id=14016, stack(0x000000c9b5600000,0x000000c9b5700000)]
  0x00000233b92bfec0 JavaThread "Common-Cleaner" daemon [_thread_blocked, id=10384, stack(0x000000c9b5700000,0x000000c9b5800000)]
  0x00000233b92c07b0 JavaThread "C1 CompilerThread1" daemon [_thread_blocked, id=6204, stack(0x000000c9b5800000,0x000000c9b5900000)]
  0x00000233b950f250 JavaThread "C1 CompilerThread2" daemon [_thread_blocked, id=5176, stack(0x000000c9b5900000,0x000000c9b5a00000)]
  0x00000233b9837130 JavaThread "Monitor Ctrl-Break" daemon [_thread_in_native, id=14032, stack(0x000000c9b5a00000,0x000000c9b5b00000)]
  0x00000233b9839b50 JavaThread "Notification Thread" daemon [_thread_blocked, id=5212, stack(0x000000c9b5b00000,0x000000c9b5c00000)]
  0x00000233ff1ebb70 JavaThread "RMI TCP Accept-0" daemon [_thread_in_native, id=1720, stack(0x000000c9b5c00000,0x000000c9b5d00000)]
  0x00000233ff19c8f0 JavaThread "Thread-0" [_thread_blocked, id=11716, stack(0x000000c9b6600000,0x000000c9b6700000)]
=>0x00000233ff187a90 JavaThread "restartedMain" [_thread_in_vm, id=1076, stack(0x000000c9b6700000,0x000000c9b6800000)]
  0x00000233804898e0 JavaThread "RMI TCP Connection(1)-172.21.208.1" daemon [_thread_in_native, id=13884, stack(0x000000c9b6a00000,0x000000c9b6b00000)]
  0x0000023380487570 JavaThread "RMI Scheduler(0)" daemon [_thread_blocked, id=6540, stack(0x000000c9b6c00000,0x000000c9b6d00000)]
  0x00000233804884a0 JavaThread "Catalina-utility-1" [_thread_blocked, id=4600, stack(0x000000c9b6800000,0x000000c9b6900000)]
  0x00000233804889b0 JavaThread "Catalina-utility-2" [_thread_blocked, id=10268, stack(0x000000c9b6d00000,0x000000c9b6e00000)]
  0x00000233804893d0 JavaThread "container-0" [_thread_blocked, id=9236, stack(0x000000c9b6e00000,0x000000c9b6f00000)]
  0x000002338048a810 JavaThread "PostgreSQL-JDBC-Cleaner" daemon [_thread_blocked, id=8128, stack(0x000000c9b7000000,0x000000c9b7100000)]
  0x0000023380488ec0 JavaThread "HikariPool-1 housekeeper" daemon [_thread_blocked, id=11288, stack(0x000000c9b7100000,0x000000c9b7200000)]
  0x0000023380487a80 JavaThread "HikariPool-1 connection adder" daemon [_thread_in_native, id=8896, stack(0x000000c9b7200000,0x000000c9b7300000)]

Other Threads:
  0x00000233b92cd370 VMThread "VM Thread" [stack: 0x000000c9b4e00000,0x000000c9b4f00000] [id=3836]
  0x00000233a743e460 WatcherThread [stack: 0x000000c9b5d00000,0x000000c9b5e00000] [id=2900]
  0x00000233a7497e20 GCTaskThread "GC Thread#0" [stack: 0x000000c9b4900000,0x000000c9b4a00000] [id=15144]
  0x00000233ff5a3920 GCTaskThread "GC Thread#1" [stack: 0x000000c9b5e00000,0x000000c9b5f00000] [id=8564]
  0x00000233ff59add0 GCTaskThread "GC Thread#2" [stack: 0x000000c9b5f00000,0x000000c9b6000000] [id=8352]
  0x00000233ff5e70d0 GCTaskThread "GC Thread#3" [stack: 0x000000c9b6000000,0x000000c9b6100000] [id=1640]
  0x00000233ff5e7390 GCTaskThread "GC Thread#4" [stack: 0x000000c9b6100000,0x000000c9b6200000] [id=9624]
  0x00000233ff5e7c60 GCTaskThread "GC Thread#5" [stack: 0x000000c9b6200000,0x000000c9b6300000] [id=7352]
  0x00000233ff5e8950 GCTaskThread "GC Thread#6" [stack: 0x000000c9b6300000,0x000000c9b6400000] [id=13340]
  0x00000233ff788910 GCTaskThread "GC Thread#7" [stack: 0x000000c9b6900000,0x000000c9b6a00000] [id=10684]
  0x00000233a74aa620 ConcurrentGCThread "G1 Main Marker" [stack: 0x000000c9b4a00000,0x000000c9b4b00000] [id=8016]
  0x00000233a74aaf40 ConcurrentGCThread "G1 Conc#0" [stack: 0x000000c9b4b00000,0x000000c9b4c00000] [id=2588]
  0x000002338048d680 ConcurrentGCThread "G1 Conc#1" [stack: 0x000000c9b6b00000,0x000000c9b6c00000] [id=9604]
  0x00000233a750ece0 ConcurrentGCThread "G1 Refine#0" [stack: 0x000000c9b4c00000,0x000000c9b4d00000] [id=1176]
  0x00000233ff5cdc40 ConcurrentGCThread "G1 Refine#1" [stack: 0x000000c9b6400000,0x000000c9b6500000] [id=11196]
  0x00000233b96eb7a0 ConcurrentGCThread "G1 Refine#2" [stack: 0x000000c9b6500000,0x000000c9b6600000] [id=12740]
  0x00000233b918aee0 ConcurrentGCThread "G1 Service" [stack: 0x000000c9b4d00000,0x000000c9b4e00000] [id=2752]

Threads with active compile tasks:

VM state: not at safepoint (normal execution)

VM Mutex/Monitor currently owned by a thread:  ([mutex/lock_event])
[0x00000233a7437c00] Metaspace_lock - owner thread: 0x00000233ff187a90

Heap address: 0x0000000083400000, size: 1996 MB, Compressed Oops mode: 32-bit

CDS archive(s) mapped at: [0x00000233ba000000-0x00000233babd0000-0x00000233babd0000), size 12386304, SharedBaseAddress: 0x00000233ba000000, ArchiveRelocationMode: 1.
Compressed class space mapped at: 0x00000233bb000000-0x00000233fb000000, reserved size: 1073741824
Narrow klass base: 0x00000233ba000000, Narrow klass shift: 0, Narrow klass range: 0x100000000

GC Precious Log:
 CPUs: 8 total, 8 available
 Memory: 7979M
 Large Page Support: Disabled
 NUMA Support: Disabled
 Compressed Oops: Enabled (32-bit)
 Heap Region Size: 1M
 Heap Min Capacity: 8M
 Heap Initial Capacity: 126M
 Heap Max Capacity: 1996M
 Pre-touch: Disabled
 Parallel Workers: 8
 Concurrent Workers: 2
 Concurrent Refinement Workers: 8
 Periodic GC: Disabled

Heap:
 garbage-first heap   total 75776K, used 40677K [0x0000000083400000, 0x0000000100000000)
  region size 1024K, 19 young (19456K), 1 survivors (1024K)
 Metaspace       used 47499K, committed 48000K, reserved 1114112K
  class space    used 6781K, committed 7040K, reserved 1048576K

Heap Regions: E=young(eden), S=young(survivor), O=old, HS=humongous(starts), HC=humongous(continues), CS=collection set, F=free, OA=open archive, CA=closed archive, TAMS=top-at-mark-start (previous, next)
|   0|0x0000000083400000, 0x0000000083500000, 0x0000000083500000|100%|HS|  |TAMS 0x0000000083500000, 0x0000000083400000| Complete 
|   1|0x0000000083500000, 0x0000000083600000, 0x0000000083600000|100%| O|  |TAMS 0x0000000083600000, 0x0000000083500000| Untracked 
|   2|0x0000000083600000, 0x0000000083700000, 0x0000000083700000|100%| O|  |TAMS 0x0000000083700000, 0x0000000083600000| Untracked 
|   3|0x0000000083700000, 0x0000000083800000, 0x0000000083800000|100%| O|  |TAMS 0x0000000083800000, 0x0000000083700000| Untracked 
|   4|0x0000000083800000, 0x0000000083900000, 0x0000000083900000|100%| O|  |TAMS 0x0000000083900000, 0x0000000083800000| Untracked 
|   5|0x0000000083900000, 0x0000000083a00000, 0x0000000083a00000|100%| O|  |TAMS 0x0000000083a00000, 0x0000000083900000| Untracked 
|   6|0x0000000083a00000, 0x0000000083b00000, 0x0000000083b00000|100%| O|  |TAMS 0x0000000083b00000, 0x0000000083a00000| Untracked 
|   7|0x0000000083b00000, 0x0000000083c00000, 0x0000000083c00000|100%| O|  |TAMS 0x0000000083c00000, 0x0000000083b00000| Untracked 
|   8|0x0000000083c00000, 0x0000000083d00000, 0x0000000083d00000|100%| O|  |TAMS 0x0000000083d00000, 0x0000000083c00000| Untracked 
|   9|0x0000000083d00000, 0x0000000083e00000, 0x0000000083e00000|100%| O|  |TAMS 0x0000000083e00000, 0x0000000083d00000| Untracked 
|  10|0x0000000083e00000, 0x0000000083f00000, 0x0000000083f00000|100%| O|  |TAMS 0x0000000083f00000, 0x0000000083e00000| Untracked 
|  11|0x0000000083f00000, 0x0000000084000000, 0x0000000084000000|100%| O|  |TAMS 0x0000000084000000, 0x0000000083f00000| Untracked 
|  12|0x0000000084000000, 0x0000000084100000, 0x0000000084100000|100%| O|  |TAMS 0x0000000084100000, 0x0000000084000000| Untracked 
|  13|0x0000000084100000, 0x0000000084200000, 0x0000000084200000|100%| O|  |TAMS 0x0000000084200000, 0x0000000084100000| Untracked 
|  14|0x0000000084200000, 0x0000000084300000, 0x0000000084300000|100%| O|  |TAMS 0x0000000084300000, 0x0000000084200000| Untracked 
|  15|0x0000000084300000, 0x0000000084300000, 0x0000000084400000|  0%| F|  |TAMS 0x0000000084300000, 0x0000000084300000| Untracked 
|  16|0x0000000084400000, 0x0000000084500000, 0x0000000084500000|100%| O|  |TAMS 0x0000000084400000, 0x0000000084400000| Untracked 
|  17|0x0000000084500000, 0x0000000084600000, 0x0000000084600000|100%| O|  |TAMS 0x0000000084500000, 0x0000000084500000| Untracked 
|  18|0x0000000084600000, 0x0000000084700000, 0x0000000084700000|100%| O|  |TAMS 0x0000000084600000, 0x0000000084600000| Untracked 
|  19|0x0000000084700000, 0x0000000084800000, 0x0000000084800000|100%| O|  |TAMS 0x0000000084700000, 0x0000000084700000| Untracked 
|  20|0x0000000084800000, 0x0000000084900000, 0x0000000084900000|100%| O|  |TAMS 0x0000000084800000, 0x0000000084800000| Untracked 
|  21|0x0000000084900000, 0x0000000084a00000, 0x0000000084a00000|100%| O|  |TAMS 0x0000000084a00000, 0x0000000084900000| Untracked 
|  22|0x0000000084a00000, 0x0000000084b00000, 0x0000000084b00000|100%| O|  |TAMS 0x0000000084b00000, 0x0000000084a00000| Untracked 
|  23|0x0000000084b00000, 0x0000000084b18e00, 0x0000000084c00000|  9%| O|  |TAMS 0x0000000084b00000, 0x0000000084b00000| Untracked 
|  24|0x0000000084c00000, 0x0000000084c00000, 0x0000000084d00000|  0%| F|  |TAMS 0x0000000084c00000, 0x0000000084c00000| Untracked 
|  25|0x0000000084d00000, 0x0000000084d00000, 0x0000000084e00000|  0%| F|  |TAMS 0x0000000084d00000, 0x0000000084d00000| Untracked 
|  26|0x0000000084e00000, 0x0000000084e00000, 0x0000000084f00000|  0%| F|  |TAMS 0x0000000084e00000, 0x0000000084e00000| Untracked 
|  27|0x0000000084f00000, 0x0000000084f00000, 0x0000000085000000|  0%| F|  |TAMS 0x0000000084f00000, 0x0000000084f00000| Untracked 
|  28|0x0000000085000000, 0x0000000085000000, 0x0000000085100000|  0%| F|  |TAMS 0x0000000085000000, 0x0000000085000000| Untracked 
|  29|0x0000000085100000, 0x0000000085100000, 0x0000000085200000|  0%| F|  |TAMS 0x0000000085100000, 0x0000000085100000| Untracked 
|  30|0x0000000085200000, 0x0000000085200000, 0x0000000085300000|  0%| F|  |TAMS 0x0000000085200000, 0x0000000085200000| Untracked 
|  31|0x0000000085300000, 0x0000000085300000, 0x0000000085400000|  0%| F|  |TAMS 0x0000000085300000, 0x0000000085300000| Untracked 
|  32|0x0000000085400000, 0x0000000085400000, 0x0000000085500000|  0%| F|  |TAMS 0x0000000085400000, 0x0000000085400000| Untracked 
|  33|0x0000000085500000, 0x0000000085500000, 0x0000000085600000|  0%| F|  |TAMS 0x0000000085500000, 0x0000000085500000| Untracked 
|  34|0x0000000085600000, 0x0000000085600000, 0x0000000085700000|  0%| F|  |TAMS 0x0000000085600000, 0x0000000085600000| Untracked 
|  35|0x0000000085700000, 0x0000000085700000, 0x0000000085800000|  0%| F|  |TAMS 0x0000000085700000, 0x0000000085700000| Untracked 
|  36|0x0000000085800000, 0x0000000085800000, 0x0000000085900000|  0%| F|  |TAMS 0x0000000085800000, 0x0000000085800000| Untracked 
|  37|0x0000000085900000, 0x0000000085900000, 0x0000000085a00000|  0%| F|  |TAMS 0x0000000085900000, 0x0000000085900000| Untracked 
|  38|0x0000000085a00000, 0x0000000085a00000, 0x0000000085b00000|  0%| F|  |TAMS 0x0000000085a00000, 0x0000000085a00000| Untracked 
|  39|0x0000000085b00000, 0x0000000085b00000, 0x0000000085c00000|  0%| F|  |TAMS 0x0000000085b00000, 0x0000000085b00000| Untracked 
|  40|0x0000000085c00000, 0x0000000085c00000, 0x0000000085d00000|  0%| F|  |TAMS 0x0000000085c00000, 0x0000000085c00000| Untracked 
|  41|0x0000000085d00000, 0x0000000085d00000, 0x0000000085e00000|  0%| F|  |TAMS 0x0000000085d00000, 0x0000000085d00000| Untracked 
|  42|0x0000000085e00000, 0x0000000085e00000, 0x0000000085f00000|  0%| F|  |TAMS 0x0000000085e00000, 0x0000000085e00000| Untracked 
|  43|0x0000000085f00000, 0x0000000085f00000, 0x0000000086000000|  0%| F|  |TAMS 0x0000000085f00000, 0x0000000085f00000| Untracked 
|  44|0x0000000086000000, 0x0000000086000000, 0x0000000086100000|  0%| F|  |TAMS 0x0000000086000000, 0x0000000086000000| Untracked 
|  45|0x0000000086100000, 0x0000000086100000, 0x0000000086200000|  0%| F|  |TAMS 0x0000000086100000, 0x0000000086100000| Untracked 
|  46|0x0000000086200000, 0x0000000086200000, 0x0000000086300000|  0%| F|  |TAMS 0x0000000086200000, 0x0000000086200000| Untracked 
|  47|0x0000000086300000, 0x0000000086300000, 0x0000000086400000|  0%| F|  |TAMS 0x0000000086300000, 0x0000000086300000| Untracked 
|  48|0x0000000086400000, 0x0000000086400000, 0x0000000086500000|  0%| F|  |TAMS 0x0000000086400000, 0x0000000086400000| Untracked 
|  49|0x0000000086500000, 0x0000000086500000, 0x0000000086600000|  0%| F|  |TAMS 0x0000000086500000, 0x0000000086500000| Untracked 
|  50|0x0000000086600000, 0x0000000086600000, 0x0000000086700000|  0%| F|  |TAMS 0x0000000086600000, 0x0000000086600000| Untracked 
|  51|0x0000000086700000, 0x0000000086700000, 0x0000000086800000|  0%| F|  |TAMS 0x0000000086700000, 0x0000000086700000| Untracked 
|  52|0x0000000086800000, 0x0000000086800000, 0x0000000086900000|  0%| F|  |TAMS 0x0000000086800000, 0x0000000086800000| Untracked 
|  53|0x0000000086900000, 0x0000000086900000, 0x0000000086a00000|  0%| F|  |TAMS 0x0000000086900000, 0x0000000086900000| Untracked 
|  54|0x0000000086a00000, 0x0000000086a00000, 0x0000000086b00000|  0%| F|  |TAMS 0x0000000086a00000, 0x0000000086a00000| Untracked 
|  55|0x0000000086b00000, 0x0000000086b29ed8, 0x0000000086c00000| 16%| E|  |TAMS 0x0000000086b00000, 0x0000000086b00000| Complete 
|  56|0x0000000086c00000, 0x0000000086d00000, 0x0000000086d00000|100%| E|CS|TAMS 0x0000000086c00000, 0x0000000086c00000| Complete 
|  57|0x0000000086d00000, 0x0000000086e00000, 0x0000000086e00000|100%| E|CS|TAMS 0x0000000086d00000, 0x0000000086d00000| Complete 
|  58|0x0000000086e00000, 0x0000000086f00000, 0x0000000086f00000|100%| E|CS|TAMS 0x0000000086e00000, 0x0000000086e00000| Complete 
|  59|0x0000000086f00000, 0x0000000087000000, 0x0000000087000000|100%| E|CS|TAMS 0x0000000086f00000, 0x0000000086f00000| Complete 
|  60|0x0000000087000000, 0x0000000087100000, 0x0000000087100000|100%| E|CS|TAMS 0x0000000087000000, 0x0000000087000000| Complete 
|  61|0x0000000087100000, 0x0000000087200000, 0x0000000087200000|100%| E|CS|TAMS 0x0000000087100000, 0x0000000087100000| Complete 
|  62|0x0000000087200000, 0x0000000087300000, 0x0000000087300000|100%| E|CS|TAMS 0x0000000087200000, 0x0000000087200000| Complete 
|  63|0x0000000087300000, 0x0000000087400000, 0x0000000087400000|100%| E|CS|TAMS 0x0000000087300000, 0x0000000087300000| Complete 
|  64|0x0000000087400000, 0x0000000087500000, 0x0000000087500000|100%| E|CS|TAMS 0x0000000087400000, 0x0000000087400000| Complete 
|  65|0x0000000087500000, 0x0000000087600000, 0x0000000087600000|100%| E|CS|TAMS 0x0000000087500000, 0x0000000087500000| Complete 
|  66|0x0000000087600000, 0x0000000087700000, 0x0000000087700000|100%| E|CS|TAMS 0x0000000087600000, 0x0000000087600000| Complete 
|  67|0x0000000087700000, 0x0000000087800000, 0x0000000087800000|100%| E|CS|TAMS 0x0000000087700000, 0x0000000087700000| Complete 
|  68|0x0000000087800000, 0x0000000087900000, 0x0000000087900000|100%| E|CS|TAMS 0x0000000087800000, 0x0000000087800000| Complete 
|  69|0x0000000087900000, 0x0000000087a00000, 0x0000000087a00000|100%| E|CS|TAMS 0x0000000087900000, 0x0000000087900000| Complete 
| 122|0x000000008ae00000, 0x000000008af00000, 0x000000008af00000|100%| E|CS|TAMS 0x000000008ae00000, 0x000000008ae00000| Complete 
| 123|0x000000008af00000, 0x000000008b000000, 0x000000008b000000|100%| E|CS|TAMS 0x000000008af00000, 0x000000008af00000| Complete 
| 124|0x000000008b000000, 0x000000008b0a0740, 0x000000008b100000| 62%| S|CS|TAMS 0x000000008b000000, 0x000000008b000000| Complete 
| 125|0x000000008b100000, 0x000000008b200000, 0x000000008b200000|100%| E|CS|TAMS 0x000000008b100000, 0x000000008b100000| Complete 

Card table byte_map: [0x00000233b21e0000,0x00000233b25d0000] _byte_map_base: 0x00000233b1dc6000

Marking Bits (Prev, Next): (CMBitMap*) 0x00000233a7499360, (CMBitMap*) 0x00000233a74993a0
 Prev Bits: [0x00000233b29c0000, 0x00000233b48f0000)
 Next Bits: [0x00000233b48f0000, 0x00000233b6820000)

Polling page: 0x00000233a6c10000

Metaspace:

Usage:
  Non-class:     39.76 MB used.
      Class:      6.62 MB used.
       Both:     46.39 MB used.

Virtual space:
  Non-class space:       64.00 MB reserved,      40.00 MB ( 62%) committed,  1 nodes.
      Class space:        1.00 GB reserved,       6.88 MB ( <1%) committed,  1 nodes.
             Both:        1.06 GB reserved,      46.88 MB (  4%) committed. 

Chunk freelists:
   Non-Class:  7.92 MB
       Class:  9.02 MB
        Both:  16.94 MB

MaxMetaspaceSize: unlimited
CompressedClassSpaceSize: 1.00 GB
Initial GC threshold: 21.00 MB
Current GC threshold: 59.38 MB
CDS: on
MetaspaceReclaimPolicy: balanced
 - commit_granule_bytes: 65536.
 - commit_granule_words: 8192.
 - virtual_space_node_default_size: 8388608.
 - enlarge_chunks_in_place: 1.
 - new_chunks_are_fully_committed: 0.
 - uncommit_free_chunks: 1.
 - use_allocation_guard: 0.
 - handle_deallocations: 1.


Internal statistics:

num_allocs_failed_limit: 6.
num_arena_births: 662.
num_arena_deaths: 0.
num_vsnodes_births: 2.
num_vsnodes_deaths: 0.
num_space_committed: 750.
num_space_uncommitted: 0.
num_chunks_returned_to_freelist: 6.
num_chunks_taken_from_freelist: 2418.
num_chunk_merges: 6.
num_chunk_splits: 1716.
num_chunks_enlarged: 1301.
num_inconsistent_stats: 0.

CodeCache: size=49152Kb used=9312Kb max_used=9312Kb free=39839Kb
 bounds [0x00000233aece0000, 0x00000233af600000, 0x00000233b1ce0000]
 total_blobs=5058 nmethods=4501 adapters=482
 compilation: enabled
              stopped_count=0, restarted_count=0
 full_count=0

Compilation events (20 events):
Event: 3.556 Thread 0x00000233b92e88b0 4484       1       java.io.ObjectInputStream$BlockDataInputStream::peekByte (20 bytes)
Event: 3.556 Thread 0x00000233b92c07b0 4485       1       java.io.ObjectInputStream$BlockDataInputStream::peek (55 bytes)
Event: 3.556 Thread 0x00000233b92e88b0 nmethod 4484 0x00000233af5f2190 code [0x00000233af5f2340, 0x00000233af5f24d8]
Event: 3.557 Thread 0x00000233b92c07b0 nmethod 4485 0x00000233af5f2590 code [0x00000233af5f2740, 0x00000233af5f28f8]
Event: 3.558 Thread 0x00000233b92c07b0 4486       1       sun.nio.ch.Util$BufferCache::offerFirst (73 bytes)
Event: 3.558 Thread 0x00000233b92c07b0 nmethod 4486 0x00000233af5f2a10 code [0x00000233af5f2bc0, 0x00000233af5f2df8]
Event: 3.558 Thread 0x00000233b950f250 4487       1       java.lang.AbstractStringBuilder::append (33 bytes)
Event: 3.558 Thread 0x00000233b950f250 nmethod 4487 0x00000233af5f2f10 code [0x00000233af5f30c0, 0x00000233af5f3228]
Event: 3.558 Thread 0x00000233b950f250 4488       1       org.springframework.boot.context.properties.ConfigurationPropertiesBinder$ConfigurationPropertiesBindHandler::onStart (33 bytes)
Event: 3.558 Thread 0x00000233b92c07b0 4489       1       org.springframework.boot.context.properties.ConfigurationPropertiesBinder$ConfigurationPropertiesBindHandler::isConfigurationProperties (24 bytes)
Event: 3.558 Thread 0x00000233b92e88b0 4490       1       java.io.ObjectStreamField::isPrimitive (23 bytes)
Event: 3.558 Thread 0x00000233b92c07b0 nmethod 4489 0x00000233af5f3310 code [0x00000233af5f34c0, 0x00000233af5f3638]
Event: 3.558 Thread 0x00000233b92c07b0 4491       1       java.io.ObjectOutputStream::writeString (74 bytes)
Event: 3.558 Thread 0x00000233b92e88b0 nmethod 4490 0x00000233af5f3710 code [0x00000233af5f38c0, 0x00000233af5f3a88]
Event: 3.558 Thread 0x00000233b950f250 nmethod 4488 0x00000233af5f3c10 code [0x00000233af5f3de0, 0x00000233af5f4148]
Event: 3.559 Thread 0x00000233b92c07b0 nmethod 4491 0x00000233af5f4310 code [0x00000233af5f4520, 0x00000233af5f48f8]
Event: 3.559 Thread 0x00000233b92c07b0 4492       1       org.springframework.core.MethodParameter::getAnnotatedElement (5 bytes)
Event: 3.560 Thread 0x00000233b92c07b0 nmethod 4492 0x00000233af5f4c10 code [0x00000233af5f4da0, 0x00000233af5f4e78]
Event: 3.562 Thread 0x00000233b950f250 4493       1       org.springframework.beans.PropertyEditorRegistrySupport::setConversionService (6 bytes)
Event: 3.562 Thread 0x00000233b950f250 nmethod 4493 0x00000233af5f4f10 code [0x00000233af5f50a0, 0x00000233af5f51b8]

GC Heap History (20 events):
Event: 1.483 GC heap before
{Heap before GC invocations=3 (full 0):
 garbage-first heap   total 129024K, used 13129K [0x0000000083400000, 0x0000000100000000)
  region size 1024K, 7 young (7168K), 6 survivors (6144K)
 Metaspace       used 21237K, committed 21504K, reserved 1114112K
  class space    used 2933K, committed 3072K, reserved 1048576K
}
Event: 1.487 GC heap after
{Heap after GC invocations=4 (full 0):
 garbage-first heap   total 129024K, used 13594K [0x0000000083400000, 0x0000000100000000)
  region size 1024K, 5 young (5120K), 5 survivors (5120K)
 Metaspace       used 21237K, committed 21504K, reserved 1114112K
  class space    used 2933K, committed 3072K, reserved 1048576K
}
Event: 1.755 GC heap before
{Heap before GC invocations=5 (full 0):
 garbage-first heap   total 55296K, used 41242K [0x0000000083400000, 0x0000000100000000)
  region size 1024K, 33 young (33792K), 5 survivors (5120K)
 Metaspace       used 23676K, committed 24000K, reserved 1114112K
  class space    used 3323K, committed 3456K, reserved 1048576K
}
Event: 1.759 GC heap after
{Heap after GC invocations=6 (full 0):
 garbage-first heap   total 55296K, used 15319K [0x0000000083400000, 0x0000000100000000)
  region size 1024K, 7 young (7168K), 7 survivors (7168K)
 Metaspace       used 23676K, committed 24000K, reserved 1114112K
  class space    used 3323K, committed 3456K, reserved 1048576K
}
Event: 1.770 GC heap before
{Heap before GC invocations=6 (full 0):
 garbage-first heap   total 55296K, used 16343K [0x0000000083400000, 0x0000000100000000)
  region size 1024K, 8 young (8192K), 7 survivors (7168K)
 Metaspace       used 23789K, committed 24128K, reserved 1114112K
  class space    used 3339K, committed 3520K, reserved 1048576K
}
Event: 1.773 GC heap after
{Heap after GC invocations=7 (full 0):
 garbage-first heap   total 55296K, used 15929K [0x0000000083400000, 0x0000000100000000)
  region size 1024K, 1 young (1024K), 1 survivors (1024K)
 Metaspace       used 23789K, committed 24128K, reserved 1114112K
  class space    used 3339K, committed 3520K, reserved 1048576K
}
Event: 1.983 GC heap before
{Heap before GC invocations=7 (full 0):
 garbage-first heap   total 55296K, used 36409K [0x0000000083400000, 0x0000000100000000)
  region size 1024K, 22 young (22528K), 1 survivors (1024K)
 Metaspace       used 26216K, committed 26560K, reserved 1114112K
  class space    used 3679K, committed 3840K, reserved 1048576K
}
Event: 1.985 GC heap after
{Heap after GC invocations=8 (full 0):
 garbage-first heap   total 55296K, used 16335K [0x0000000083400000, 0x0000000100000000)
  region size 1024K, 2 young (2048K), 2 survivors (2048K)
 Metaspace       used 26216K, committed 26560K, reserved 1114112K
  class space    used 3679K, committed 3840K, reserved 1048576K
}
Event: 2.247 GC heap before
{Heap before GC invocations=8 (full 0):
 garbage-first heap   total 55296K, used 38863K [0x0000000083400000, 0x0000000100000000)
  region size 1024K, 24 young (24576K), 2 survivors (2048K)
 Metaspace       used 29220K, committed 29760K, reserved 1114112K
  class space    used 4153K, committed 4416K, reserved 1048576K
}
Event: 2.250 GC heap after
{Heap after GC invocations=9 (full 0):
 garbage-first heap   total 55296K, used 18217K [0x0000000083400000, 0x0000000100000000)
  region size 1024K, 3 young (3072K), 3 survivors (3072K)
 Metaspace       used 29220K, committed 29760K, reserved 1114112K
  class space    used 4153K, committed 4416K, reserved 1048576K
}
Event: 2.452 GC heap before
{Heap before GC invocations=9 (full 0):
 garbage-first heap   total 55296K, used 39721K [0x0000000083400000, 0x0000000100000000)
  region size 1024K, 24 young (24576K), 3 survivors (3072K)
 Metaspace       used 32064K, committed 32512K, reserved 1114112K
  class space    used 4523K, committed 4736K, reserved 1048576K
}
Event: 2.456 GC heap after
{Heap after GC invocations=10 (full 0):
 garbage-first heap   total 55296K, used 19955K [0x0000000083400000, 0x0000000100000000)
  region size 1024K, 2 young (2048K), 2 survivors (2048K)
 Metaspace       used 32064K, committed 32512K, reserved 1114112K
  class space    used 4523K, committed 4736K, reserved 1048576K
}
Event: 2.688 GC heap before
{Heap before GC invocations=10 (full 0):
 garbage-first heap   total 55296K, used 41459K [0x0000000083400000, 0x0000000100000000)
  region size 1024K, 23 young (23552K), 2 survivors (2048K)
 Metaspace       used 35780K, committed 36288K, reserved 1114112K
  class space    used 5074K, committed 5312K, reserved 1048576K
}
Event: 2.691 GC heap after
{Heap after GC invocations=11 (full 0):
 garbage-first heap   total 98304K, used 20660K [0x0000000083400000, 0x0000000100000000)
  region size 1024K, 3 young (3072K), 3 survivors (3072K)
 Metaspace       used 35780K, committed 36288K, reserved 1114112K
  class space    used 5074K, committed 5312K, reserved 1048576K
}
Event: 2.693 GC heap before
{Heap before GC invocations=11 (full 0):
 garbage-first heap   total 98304K, used 20660K [0x0000000083400000, 0x0000000100000000)
  region size 1024K, 4 young (4096K), 3 survivors (3072K)
 Metaspace       used 35798K, committed 36288K, reserved 1114112K
  class space    used 5078K, committed 5312K, reserved 1048576K
}
Event: 2.694 GC heap after
{Heap after GC invocations=12 (full 0):
 garbage-first heap   total 98304K, used 20742K [0x0000000083400000, 0x0000000100000000)
  region size 1024K, 3 young (3072K), 3 survivors (3072K)
 Metaspace       used 35798K, committed 36288K, reserved 1114112K
  class space    used 5078K, committed 5312K, reserved 1048576K
}
Event: 3.390 GC heap before
{Heap before GC invocations=13 (full 0):
 garbage-first heap   total 75776K, used 61702K [0x0000000083400000, 0x0000000100000000)
  region size 1024K, 44 young (45056K), 3 survivors (3072K)
 Metaspace       used 45035K, committed 45568K, reserved 1114112K
  class space    used 6351K, committed 6592K, reserved 1048576K
}
Event: 3.393 GC heap after
{Heap after GC invocations=14 (full 0):
 garbage-first heap   total 75776K, used 22782K [0x0000000083400000, 0x0000000100000000)
  region size 1024K, 5 young (5120K), 5 survivors (5120K)
 Metaspace       used 45035K, committed 45568K, reserved 1114112K
  class space    used 6351K, committed 6592K, reserved 1048576K
}
Event: 3.411 GC heap before
{Heap before GC invocations=14 (full 0):
 garbage-first heap   total 75776K, used 23806K [0x0000000083400000, 0x0000000100000000)
  region size 1024K, 6 young (6144K), 5 survivors (5120K)
 Metaspace       used 45563K, committed 46080K, reserved 1114112K
  class space    used 6422K, committed 6656K, reserved 1048576K
}
Event: 3.414 GC heap after
{Heap after GC invocations=15 (full 0):
 garbage-first heap   total 75776K, used 23269K [0x0000000083400000, 0x0000000100000000)
  region size 1024K, 1 young (1024K), 1 survivors (1024K)
 Metaspace       used 45563K, committed 46080K, reserved 1114112K
  class space    used 6422K, committed 6656K, reserved 1048576K
}

Deoptimization events (12 events):
Event: 1.188 Thread 0x00000233ff187a90 DEOPT PACKING pc=0x00000233af209a99 sp=0x000000c9b67fc700
Event: 1.188 Thread 0x00000233ff187a90 DEOPT UNPACKING pc=0x00000233aed32b43 sp=0x000000c9b67fbbe0 mode 3
Event: 1.215 Thread 0x00000233ff187a90 DEOPT PACKING pc=0x00000233af21a2d5 sp=0x000000c9b67fe010
Event: 1.215 Thread 0x00000233ff187a90 DEOPT UNPACKING pc=0x00000233aed32b43 sp=0x000000c9b67fd4b8 mode 3
Event: 2.047 Thread 0x00000233ff187a90 DEOPT PACKING pc=0x00000233af49f419 sp=0x000000c9b67fd1e0
Event: 2.047 Thread 0x00000233ff187a90 DEOPT UNPACKING pc=0x00000233aed32b43 sp=0x000000c9b67fc6c0 mode 3
Event: 2.423 Thread 0x00000233ff187a90 DEOPT PACKING pc=0x00000233af51d59d sp=0x000000c9b67fbb80
Event: 2.423 Thread 0x00000233ff187a90 DEOPT UNPACKING pc=0x00000233aed32b43 sp=0x000000c9b67fb0e8 mode 3
Event: 2.435 Thread 0x00000233ff187a90 DEOPT PACKING pc=0x00000233af1f4601 sp=0x000000c9b67fdbe0
Event: 2.435 Thread 0x00000233ff187a90 DEOPT UNPACKING pc=0x00000233aed32b43 sp=0x000000c9b67fd070 mode 3
Event: 2.435 Thread 0x00000233804889b0 DEOPT PACKING pc=0x00000233af182217 sp=0x000000c9b6dff220
Event: 2.435 Thread 0x00000233804889b0 DEOPT UNPACKING pc=0x00000233aed32b43 sp=0x000000c9b6dfe678 mode 3

Classes unloaded (0 events):
No events

Classes redefined (0 events):
No events

Internal exceptions (20 events):
Event: 2.360 Thread 0x00000233ff187a90 Exception <a 'java/lang/NoSuchMethodError'{0x0000000085d7d020}: 'java.lang.Object java.lang.invoke.DirectMethodHandle$Holder.invokeSpecial(java.lang.Object, java.lang.Object, long, java.lang.Object, java.lang.Object, java.lang.Object, java.lang.Object, java.lang.Object, java.lang.Object)'> (0x0000000085d7d020) 
thrown [s\open\src\hotspot\share\interpreter\linkResolver.cpp, line 759]
Event: 2.360 Thread 0x00000233ff187a90 Exception <a 'java/lang/NoSuchMethodError'{0x0000000085d81b48}: 'java.lang.Object java.lang.invoke.DelegatingMethodHandle$Holder.reinvoke_L(java.lang.Object, long, java.lang.Object, java.lang.Object, java.lang.Object, java.lang.Object, java.lang.Object, java.lang.Object)'> (0x0000000085d81b48) 
thrown [s\open\src\hotspot\share\interpreter\linkResolver.cpp, line 759]
Event: 2.379 Thread 0x00000233ff187a90 Exception <a 'java/io/FileNotFoundException'{0x0000000085cd4b10}> (0x0000000085cd4b10) 
thrown [s\open\src\hotspot\share\prims\jni.cpp, line 516]
Event: 2.393 Thread 0x00000233ff187a90 Exception <a 'java/lang/NoSuchMethodError'{0x0000000085a77a18}: 'int java.lang.invoke.DirectMethodHandle$Holder.invokeInterface(java.lang.Object, java.lang.Object, java.lang.Object, java.lang.Object)'> (0x0000000085a77a18) 
thrown [s\open\src\hotspot\share\interpreter\linkResolver.cpp, line 759]
Event: 2.426 Thread 0x00000233ff187a90 Exception <a 'java/lang/NoSuchMethodError'{0x0000000085734fa8}: 'long java.lang.invoke.DirectMethodHandle$Holder.invokeVirtual(java.lang.Object, java.lang.Object)'> (0x0000000085734fa8) 
thrown [s\open\src\hotspot\share\interpreter\linkResolver.cpp, line 759]
Event: 2.428 Thread 0x00000233ff187a90 Exception <a 'java/io/FileNotFoundException'{0x0000000085767660}> (0x0000000085767660) 
thrown [s\open\src\hotspot\share\prims\jni.cpp, line 516]
Event: 2.487 Thread 0x00000233ff187a90 Exception <a 'sun/nio/fs/WindowsException'{0x000000008ad91be0}> (0x000000008ad91be0) 
thrown [s\open\src\hotspot\share\prims\jni.cpp, line 516]
Event: 2.546 Thread 0x00000233804898e0 Exception <a 'java/lang/reflect/InvocationTargetException'{0x0000000086063e58}> (0x0000000086063e58) 
thrown [s\open\src\hotspot\share\runtime\reflection.cpp, line 1121]
Event: 2.829 Thread 0x00000233ff187a90 Exception <a 'java/lang/NoSuchMethodError'{0x000000008704aec8}: 'int java.lang.invoke.DirectMethodHandle$Holder.invokeStatic(java.lang.Object)'> (0x000000008704aec8) 
thrown [s\open\src\hotspot\share\interpreter\linkResolver.cpp, line 759]
Event: 2.849 Thread 0x00000233ff187a90 Exception <a 'java/lang/NoSuchMethodError'{0x0000000086f954f8}: 'int java.lang.invoke.DirectMethodHandle$Holder.invokeStaticInit(java.lang.Object, java.lang.Object, java.lang.Object, java.lang.Object)'> (0x0000000086f954f8) 
thrown [s\open\src\hotspot\share\interpreter\linkResolver.cpp, line 759]
Event: 3.047 Thread 0x00000233ff187a90 Exception <a 'sun/nio/fs/WindowsException'{0x0000000086dff2e0}> (0x0000000086dff2e0) 
thrown [s\open\src\hotspot\share\prims\jni.cpp, line 516]
Event: 3.053 Thread 0x00000233804898e0 Exception <a 'java/lang/reflect/InvocationTargetException'{0x0000000086c89cf8}> (0x0000000086c89cf8) 
thrown [s\open\src\hotspot\share\runtime\reflection.cpp, line 1121]
Event: 3.170 Thread 0x00000233ff187a90 Exception <a 'java/lang/NoSuchMethodError'{0x000000008666c888}: 'java.lang.Object java.lang.invoke.DirectMethodHandle$Holder.invokeStaticInit(java.lang.Object, java.lang.Object, java.lang.Object, java.lang.Object)'> (0x000000008666c888) 
thrown [s\open\src\hotspot\share\interpreter\linkResolver.cpp, line 759]
Event: 3.313 Thread 0x00000233ff187a90 Exception <a 'java/lang/IncompatibleClassChangeError'{0x00000000858dfee0}: Found class java.lang.Object, but interface was expected> (0x00000000858dfee0) 
thrown [s\open\src\hotspot\share\interpreter\linkResolver.cpp, line 826]
Event: 3.331 Thread 0x00000233ff187a90 Exception <a 'java/lang/NoSuchMethodError'{0x00000000857f5c28}: 'java.lang.Object java.lang.invoke.DirectMethodHandle$Holder.invokeStatic(java.lang.Object, java.lang.Object, int, java.lang.Object)'> (0x00000000857f5c28) 
thrown [s\open\src\hotspot\share\interpreter\linkResolver.cpp, line 759]
Event: 3.332 Thread 0x00000233ff187a90 Exception <a 'java/lang/NoSuchMethodError'{0x00000000857f96c0}: 'java.lang.Object java.lang.invoke.DirectMethodHandle$Holder.invokeStaticInit(java.lang.Object, java.lang.Object, int, java.lang.Object)'> (0x00000000857f96c0) 
thrown [s\open\src\hotspot\share\interpreter\linkResolver.cpp, line 759]
Event: 3.454 Thread 0x00000233ff187a90 Exception <a 'java/lang/NoSuchMethodError'{0x000000008791b858}: 'void java.lang.invoke.DirectMethodHandle$Holder.invokeInterface(java.lang.Object, java.lang.Object)'> (0x000000008791b858) 
thrown [s\open\src\hotspot\share\interpreter\linkResolver.cpp, line 759]
Event: 3.503 Thread 0x00000233ff187a90 Exception <a 'java/lang/NoSuchMethodError'{0x000000008742fb78}: 'int java.lang.invoke.DirectMethodHandle$Holder.invokeStatic(java.lang.Object, java.lang.Object, int)'> (0x000000008742fb78) 
thrown [s\open\src\hotspot\share\interpreter\linkResolver.cpp, line 759]
Event: 3.516 Thread 0x00000233ff187a90 Exception <a 'java/lang/NoSuchMethodError'{0x0000000087311618}: 'java.lang.Object java.lang.invoke.DirectMethodHandle$Holder.invokeInterface(java.lang.Object, java.lang.Object, java.lang.Object, java.lang.Object)'> (0x0000000087311618) 
thrown [s\open\src\hotspot\share\interpreter\linkResolver.cpp, line 759]
Event: 3.558 Thread 0x00000233804898e0 Exception <a 'java/lang/reflect/InvocationTargetException'{0x0000000086dba898}> (0x0000000086dba898) 
thrown [s\open\src\hotspot\share\runtime\reflection.cpp, line 1121]

VM Operations (20 events):
Event: 2.560 Executing VM operation: HandshakeAllThreads
Event: 2.560 Executing VM operation: HandshakeAllThreads done
Event: 2.688 Executing VM operation: G1CollectForAllocation
Event: 2.691 Executing VM operation: G1CollectForAllocation done
Event: 2.693 Executing VM operation: CollectForMetadataAllocation
Event: 2.694 Executing VM operation: CollectForMetadataAllocation done
Event: 2.706 Executing VM operation: G1Concurrent
Event: 2.708 Executing VM operation: G1Concurrent done
Event: 2.713 Executing VM operation: G1Concurrent
Event: 2.713 Executing VM operation: G1Concurrent done
Event: 3.043 Executing VM operation: HandshakeAllThreads
Event: 3.043 Executing VM operation: HandshakeAllThreads done
Event: 3.052 Executing VM operation: HandshakeAllThreads
Event: 3.052 Executing VM operation: HandshakeAllThreads done
Event: 3.389 Executing VM operation: G1CollectForAllocation
Event: 3.393 Executing VM operation: G1CollectForAllocation done
Event: 3.411 Executing VM operation: G1CollectForAllocation
Event: 3.414 Executing VM operation: G1CollectForAllocation done
Event: 3.566 Executing VM operation: HandshakeAllThreads
Event: 3.566 Executing VM operation: HandshakeAllThreads done

Events (20 events):
Event: 3.271 loading class java/util/concurrent/CompletableFuture$AsynchronousCompletionTask done
Event: 3.271 loading class java/util/concurrent/CompletableFuture$Completion done
Event: 3.308 loading class java/util/concurrent/CancellationException
Event: 3.308 loading class java/util/concurrent/CancellationException done
Event: 3.470 loading class javax/naming/Reference
Event: 3.470 loading class javax/naming/Reference done
Event: 3.486 loading class java/lang/invoke/MethodHandleImpl$CountingWrapper$1
Event: 3.487 loading class java/lang/invoke/MethodHandleImpl$CountingWrapper$1 done
Event: 3.493 loading class sun/reflect/ReflectionFactory
Event: 3.493 loading class sun/reflect/ReflectionFactory done
Event: 3.493 loading class sun/reflect/ReflectionFactory$1
Event: 3.493 loading class sun/reflect/ReflectionFactory$1 done
Event: 3.493 loading class java/io/OptionalDataException
Event: 3.493 loading class java/io/OptionalDataException done
Event: 3.519 loading class sun/reflect/generics/reflectiveObjects/GenericArrayTypeImpl
Event: 3.519 loading class sun/reflect/generics/reflectiveObjects/GenericArrayTypeImpl done
Event: 3.525 loading class java/time/DurationEditor
Event: 3.525 loading class java/time/DurationEditor done
Event: 3.555 Thread 0x0000023380489df0 Thread added: 0x0000023380489df0
Event: 3.559 Thread 0x0000023380489df0 Thread exited: 0x0000023380489df0


Dynamic libraries:
0x00007ff6903b0000 - 0x00007ff6903c0000 	C:\Program Files\Java\jdk-17\bin\java.exe
0x00007ff9e1070000 - 0x00007ff9e1265000 	C:\Windows\SYSTEM32\ntdll.dll
0x00007ff9e0f70000 - 0x00007ff9e102e000 	C:\Windows\System32\KERNEL32.DLL
0x00007ff9dea90000 - 0x00007ff9ded58000 	C:\Windows\System32\KERNELBASE.dll
0x00007ff9de8e0000 - 0x00007ff9de9e0000 	C:\Windows\System32\ucrtbase.dll
0x00007ff9cc080000 - 0x00007ff9cc09b000 	C:\Program Files\Java\jdk-17\bin\VCRUNTIME140.dll
0x00007ff9d1330000 - 0x00007ff9d1349000 	C:\Program Files\Java\jdk-17\bin\jli.dll
0x00007ff9e01b0000 - 0x00007ff9e025e000 	C:\Windows\System32\ADVAPI32.dll
0x00007ff9e0920000 - 0x00007ff9e09be000 	C:\Windows\System32\msvcrt.dll
0x00007ff9df420000 - 0x00007ff9df4bc000 	C:\Windows\System32\sechost.dll
0x00007ff9df4c0000 - 0x00007ff9df5e5000 	C:\Windows\System32\RPCRT4.dll
0x00007ff9dfdb0000 - 0x00007ff9dff50000 	C:\Windows\System32\USER32.dll
0x00007ff9de9e0000 - 0x00007ff9dea02000 	C:\Windows\System32\win32u.dll
0x00007ff9bfe40000 - 0x00007ff9c00da000 	C:\Windows\WinSxS\amd64_microsoft.windows.common-controls_6595b64144ccf1df_6.0.19041.1110_none_60b5254171f9507e\COMCTL32.dll
0x00007ff9df380000 - 0x00007ff9df3ab000 	C:\Windows\System32\GDI32.dll
0x00007ff9defb0000 - 0x00007ff9df0bd000 	C:\Windows\System32\gdi32full.dll
0x00007ff9def10000 - 0x00007ff9defad000 	C:\Windows\System32\msvcp_win.dll
0x00007ff9d4770000 - 0x00007ff9d477a000 	C:\Windows\SYSTEM32\VERSION.dll
0x00007ff9dff50000 - 0x00007ff9dff80000 	C:\Windows\System32\IMM32.DLL
0x00007ff9d5320000 - 0x00007ff9d532c000 	C:\Program Files\Java\jdk-17\bin\vcruntime140_1.dll
0x00007ff9c8e30000 - 0x00007ff9c8ebe000 	C:\Program Files\Java\jdk-17\bin\msvcp140.dll
0x00007ff9a0380000 - 0x00007ff9a0f61000 	C:\Program Files\Java\jdk-17\bin\server\jvm.dll
0x00007ff9df180000 - 0x00007ff9df188000 	C:\Windows\System32\PSAPI.DLL
0x00007ff9c3990000 - 0x00007ff9c39b7000 	C:\Windows\SYSTEM32\WINMM.dll
0x00007ff9cabf0000 - 0x00007ff9cabf9000 	C:\Windows\SYSTEM32\WSOCK32.dll
0x00007ff9df3b0000 - 0x00007ff9df41b000 	C:\Windows\System32\WS2_32.dll
0x00007ff9dcfc0000 - 0x00007ff9dcfd2000 	C:\Windows\SYSTEM32\kernel.appcore.dll
0x00007ff9d1a90000 - 0x00007ff9d1a9a000 	C:\Program Files\Java\jdk-17\bin\jimage.dll
0x00007ff9dc070000 - 0x00007ff9dc254000 	C:\Windows\SYSTEM32\DBGHELP.DLL
0x00007ff9cf540000 - 0x00007ff9cf56c000 	C:\Windows\SYSTEM32\dbgcore.DLL
0x00007ff9dedd0000 - 0x00007ff9dee52000 	C:\Windows\System32\bcryptPrimitives.dll
0x00007ff9cac90000 - 0x00007ff9cac9e000 	C:\Program Files\Java\jdk-17\bin\instrument.dll
0x00007ff9cadb0000 - 0x00007ff9cadd5000 	C:\Program Files\Java\jdk-17\bin\java.dll
0x00007ff9b4400000 - 0x00007ff9b44d7000 	C:\Program Files\Java\jdk-17\bin\jsvml.dll
0x00007ff9df650000 - 0x00007ff9dfd94000 	C:\Windows\System32\SHELL32.dll
0x00007ff9dc810000 - 0x00007ff9dcfa4000 	C:\Windows\SYSTEM32\windows.storage.dll
0x00007ff9e05c0000 - 0x00007ff9e0915000 	C:\Windows\System32\combase.dll
0x00007ff9de0f0000 - 0x00007ff9de11e000 	C:\Windows\SYSTEM32\Wldp.dll
0x00007ff9e0430000 - 0x00007ff9e04dd000 	C:\Windows\System32\SHCORE.dll
0x00007ff9df5f0000 - 0x00007ff9df645000 	C:\Windows\System32\shlwapi.dll
0x00007ff9de6c0000 - 0x00007ff9de6df000 	C:\Windows\SYSTEM32\profapi.dll
0x00007ff9cad90000 - 0x00007ff9cada8000 	C:\Program Files\Java\jdk-17\bin\zip.dll
0x00007ff9cc050000 - 0x00007ff9cc069000 	C:\Program Files\Java\jdk-17\bin\net.dll
0x00007ff9d6c10000 - 0x00007ff9d6d1c000 	C:\Windows\SYSTEM32\WINHTTP.dll
0x00007ff9dded0000 - 0x00007ff9ddf3a000 	C:\Windows\system32\mswsock.dll
0x00007ff9cbff0000 - 0x00007ff9cc006000 	C:\Program Files\Java\jdk-17\bin\nio.dll
0x00007ff9ca440000 - 0x00007ff9ca45a000 	C:\Program Files\JetBrains\IntelliJ IDEA 2023.2\bin\breakgen64.dll
0x00007ff9ddbe0000 - 0x00007ff9ddcab000 	C:\Windows\SYSTEM32\DNSAPI.dll
0x00007ff9ddb90000 - 0x00007ff9ddbcb000 	C:\Windows\SYSTEM32\IPHLPAPI.DLL
0x00007ff9dff80000 - 0x00007ff9dff88000 	C:\Windows\System32\NSI.dll
0x00007ff9d57c0000 - 0x00007ff9d57ca000 	C:\Windows\System32\rasadhlp.dll
0x00007ff9d3040000 - 0x00007ff9d30bf000 	C:\Windows\System32\fwpuclnt.dll
0x00007ff9dea60000 - 0x00007ff9dea87000 	C:\Windows\System32\bcrypt.dll
0x00007ff9cab80000 - 0x00007ff9cab8a000 	C:\Program Files\Java\jdk-17\bin\management.dll
0x00007ff9caae0000 - 0x00007ff9caaeb000 	C:\Program Files\Java\jdk-17\bin\management_ext.dll
0x00007ff9de130000 - 0x00007ff9de148000 	C:\Windows\SYSTEM32\CRYPTSP.dll
0x00007ff9dd800000 - 0x00007ff9dd834000 	C:\Windows\system32\rsaenh.dll
0x00007ff9de680000 - 0x00007ff9de6ae000 	C:\Windows\SYSTEM32\USERENV.dll
0x00007ff9de060000 - 0x00007ff9de06c000 	C:\Windows\SYSTEM32\CRYPTBASE.dll
0x00007ff9d5cb0000 - 0x00007ff9d5cc7000 	C:\Windows\SYSTEM32\dhcpcsvc6.DLL
0x00007ff9d5c90000 - 0x00007ff9d5cad000 	C:\Windows\SYSTEM32\dhcpcsvc.DLL
0x00007ff9b3440000 - 0x00007ff9b3457000 	C:\Windows\system32\napinsp.dll
0x00007ff9b3420000 - 0x00007ff9b343b000 	C:\Windows\system32\pnrpnsp.dll
0x00007ff9bf5c0000 - 0x00007ff9bf5d5000 	C:\Windows\system32\wshbth.dll
0x00007ff9d6f90000 - 0x00007ff9d6fad000 	C:\Windows\system32\NLAapi.dll
0x00007ff9b3400000 - 0x00007ff9b3412000 	C:\Windows\System32\winrnr.dll
0x00007ff9caad0000 - 0x00007ff9caade000 	C:\Program Files\Java\jdk-17\bin\sunmscapi.dll
0x00007ff9de780000 - 0x00007ff9de8d6000 	C:\Windows\System32\CRYPT32.dll
0x00007ff9de240000 - 0x00007ff9de267000 	C:\Windows\SYSTEM32\ncrypt.dll
0x00007ff9de200000 - 0x00007ff9de23b000 	C:\Windows\SYSTEM32\NTASN1.dll
0x00007ff9cad80000 - 0x00007ff9cad90000 	C:\Program Files\Java\jdk-17\bin\verify.dll

dbghelp: loaded successfully - version: 4.0.5 - missing functions: none
symbol engine: initialized successfully - sym options: 0x614 - pdb path: .;C:\Program Files\Java\jdk-17\bin;C:\Windows\SYSTEM32;C:\Windows\WinSxS\amd64_microsoft.windows.common-controls_6595b64144ccf1df_6.0.19041.1110_none_60b5254171f9507e;C:\Program Files\Java\jdk-17\bin\server;C:\Program Files\JetBrains\IntelliJ IDEA 2023.2\bin

VM Arguments:
jvm_args: -XX:TieredStopAtLevel=1 -Dspring.output.ansi.enabled=always -Dcom.sun.management.jmxremote -Dspring.jmx.enabled=true -Dspring.liveBeansView.mbeanDomain -Dspring.application.admin.enabled=true -Dmanagement.endpoints.jmx.exposure.include=* -javaagent:C:\Program Files\JetBrains\IntelliJ IDEA 2023.2\lib\idea_rt.jar=57797:C:\Program Files\JetBrains\IntelliJ IDEA 2023.2\bin -Dfile.encoding=UTF-8 
java_command: vn.tayjava.TayJavaApplication
java_class_path (initial): D:\SpringbootTayJava\tayjava-sample-code\target\classes;C:\Users\Admin\.m2\repository\org\springframework\boot\spring-boot-starter-web\3.2.4\spring-boot-starter-web-3.2.4.jar;C:\Users\Admin\.m2\repository\org\springframework\boot\spring-boot-starter\3.2.4\spring-boot-starter-3.2.4.jar;C:\Users\Admin\.m2\repository\org\springframework\boot\spring-boot-starter-logging\3.2.4\spring-boot-starter-logging-3.2.4.jar;C:\Users\Admin\.m2\repository\ch\qos\logback\logback-classic\1.4.14\logback-classic-1.4.14.jar;C:\Users\Admin\.m2\repository\ch\qos\logback\logback-core\1.4.14\logback-core-1.4.14.jar;C:\Users\Admin\.m2\repository\org\apache\logging\log4j\log4j-to-slf4j\2.21.1\log4j-to-slf4j-2.21.1.jar;C:\Users\Admin\.m2\repository\org\apache\logging\log4j\log4j-api\2.21.1\log4j-api-2.21.1.jar;C:\Users\Admin\.m2\repository\org\slf4j\jul-to-slf4j\2.0.12\jul-to-slf4j-2.0.12.jar;C:\Users\Admin\.m2\repository\jakarta\annotation\jakarta.annotation-api\2.1.1\jakarta.annotation-api-2.1.1.jar;C:\Users\Admin\.m2\repository\org\yaml\snakeyaml\2.2\snakeyaml-2.2.jar;C:\Users\Admin\.m2\repository\org\springframework\boot\spring-boot-starter-json\3.2.4\spring-boot-starter-json-3.2.4.jar;C:\Users\Admin\.m2\repository\com\fasterxml\jackson\core\jackson-databind\2.15.4\jackson-databind-2.15.4.jar;C:\Users\Admin\.m2\repository\com\fasterxml\jackson\core\jackson-annotations\2.15.4\jackson-annotations-2.15.4.jar;C:\Users\Admin\.m2\repository\com\fasterxml\jackson\core\jackson-core\2.15.4\jackson-core-2.15.4.jar;C:\Users\Admin\.m2\repository\com\fasterxml\jackson\datatype\jackson-datatype-jdk8\2.15.4\jackson-datatype-jdk8-2.15.4.jar;C:\Users\Admin\.m2\repository\com\fasterxml\jackson\datatype\jackson-datatype-jsr310\2.15.4\jackson-datatype-jsr310-2.15.4.jar;C:\Users\Admin\.m2\repository\com\fasterxml\jackson\module\jackson-module-parameter-names\2.15.4\jackson-module-parameter-names-2.15.4.jar;C:\Users\Admin\.m2\repository\org\springframework\boot\spring-boot-starter-to
Launcher Type: SUN_STANDARD

[Global flags]
     intx CICompilerCount                          = 4                                         {product} {ergonomic}
     uint ConcGCThreads                            = 2                                         {product} {ergonomic}
     uint G1ConcRefinementThreads                  = 8                                         {product} {ergonomic}
   size_t G1HeapRegionSize                         = 1048576                                   {product} {ergonomic}
    uintx GCDrainStackTargetSize                   = 64                                        {product} {ergonomic}
   size_t InitialHeapSize                          = 132120576                                 {product} {ergonomic}
     bool ManagementServer                         = true                                      {product} {command line}
   size_t MarkStackSize                            = 4194304                                   {product} {ergonomic}
   size_t MaxHeapSize                              = 2092957696                                {product} {ergonomic}
   size_t MaxNewSize                               = 1255145472                                {product} {ergonomic}
   size_t MinHeapDeltaBytes                        = 1048576                                   {product} {ergonomic}
   size_t MinHeapSize                              = 8388608                                   {product} {ergonomic}
    uintx NonProfiledCodeHeapSize                  = 0                                      {pd product} {ergonomic}
     bool ProfileInterpreter                       = false                                  {pd product} {command line}
    uintx ProfiledCodeHeapSize                     = 0                                      {pd product} {ergonomic}
   size_t SoftMaxHeapSize                          = 2092957696                             {manageable} {ergonomic}
     intx TieredStopAtLevel                        = 1                                         {product} {command line}
     bool UseCompressedClassPointers               = true                           {product lp64_product} {ergonomic}
     bool UseCompressedOops                        = true                           {product lp64_product} {ergonomic}
     bool UseG1GC                                  = true                                      {product} {ergonomic}
     bool UseLargePagesIndividualAllocation        = false                                  {pd product} {ergonomic}

Logging:
Log output configuration:
 #0: stdout all=warning uptime,level,tags
 #1: stderr all=off uptime,level,tags

Environment Variables:
JAVA_HOME=C:\Program Files\Java\jdk-17
PATH=C:\Program Files\Common Files\Oracle\Java\javapath;C:\Windows\system32;C:\Windows;C:\Windows\System32\Wbem;C:\Windows\System32\WindowsPowerShell\v1.0\;C:\Windows\System32\OpenSSH\;C:\Program Files\Git\cmd;C:\Program Files\MySQL\MySQL Server 8.0\bin;;C:\Program Files\Docker\Docker\resources\bin;C:\Program Files\dotnet\;C:\Users\Admin\AppData\Local\Microsoft\WindowsApps;C:\Users\Admin\AppData\Local\Programs\Microsoft VS Code\bin;D:\MYSQL\bin;
USERNAME=Admin
OS=Windows_NT
PROCESSOR_IDENTIFIER=Intel64 Family 6 Model 165 Stepping 2, GenuineIntel



---------------  S Y S T E M  ---------------

OS:
 Windows 10 , 64 bit Build 19041 (10.0.19041.1503)
OS uptime: 0 days 0:46 hours
Hyper-V role detected

CPU: total 8 (initial active 8) (4 cores per cpu, 2 threads per core) family 6 model 165 stepping 2 microcode 0xc8, cx8, cmov, fxsr, ht, mmx, 3dnowpref, sse, sse2, sse3, ssse3, sse4.1, sse4.2, popcnt, lzcnt, tsc, tscinvbit, avx, avx2, aes, erms, clmul, bmi1, bmi2, adx, fma, vzeroupper, clflush, clflushopt, hv

Memory: 4k page, system-wide physical 7979M (326M free)
TotalPageFile size 13099M (AvailPageFile size 3M)
current process WorkingSet (physical memory assigned to process): 194M, peak: 194M
current process commit charge ("private bytes"): 235M, peak: 244M

vm_info: Java HotSpot(TM) 64-Bit Server VM (17.0.9+11-LTS-201) for windows-amd64 JRE (17.0.9+11-LTS-201), built on Oct 10 2023 23:16:06 by "mach5one" with MS VC++ 17.1 (VS2022)

END.
